Started GET "/" for ::1 at 2024-11-08 15:43:22 -0800
Processing by Rails::WelcomeController#index as HTML
  Rendering /Users/chiara.gelinas/.asdf/installs/ruby/3.3.4/lib/ruby/gems/3.3.0/gems/railties-7.0.8.6/lib/rails/templates/rails/welcome/index.html.erb
  Rendered /Users/chiara.gelinas/.asdf/installs/ruby/3.3.4/lib/ruby/gems/3.3.0/gems/railties-7.0.8.6/lib/rails/templates/rails/welcome/index.html.erb (Duration: 3.5ms | Allocations: 616)
Completed 200 OK in 38ms (Views: 12.6ms | ActiveRecord: 0.0ms | Allocations: 6997)


Started GET "/rolldice" for ::1 at 2024-11-08 15:43:35 -0800
Processing by DiceController#roll as HTML
Completed 200 OK in 0ms (Views: 0.1ms | ActiveRecord: 0.0ms | Allocations: 201)


Started GET "/favicon.ico" for ::1 at 2024-11-08 15:43:36 -0800
  
ActionController::RoutingError (No route matches [GET] "/favicon.ico"):
  
Started GET "/rolldice" for ::1 at 2024-11-09 07:13:15 -0800
Processing by DiceController#roll as HTML
Completed 200 OK in 8ms (Views: 0.4ms | ActiveRecord: 0.0ms | Allocations: 2176)


Started GET "/rolldice" for ::1 at 2024-11-09 07:13:20 -0800
Processing by DiceController#roll as HTML
Completed 200 OK in 0ms (Views: 0.1ms | ActiveRecord: 0.0ms | Allocations: 64)


Started GET "/rolldice" for ::1 at 2024-11-09 11:22:20 -0800
Processing by DiceController#roll as HTML
Completed 200 OK in 8ms (Views: 0.2ms | ActiveRecord: 0.0ms | Allocations: 2178)


Started GET "/rolldice" for ::1 at 2024-11-09 14:42:38 -0800
Processing by DiceController#roll as HTML
Completed 500 Internal Server Error in 12ms (ActiveRecord: 0.0ms | Allocations: 5094)


  
NameError (uninitialized constant Net::HTTP::POST):
  
app/controllers/dice_controller.rb:11:in `roll'
Started GET "/favicon.ico" for ::1 at 2024-11-09 14:42:39 -0800
  
ActionController::RoutingError (No route matches [GET] "/favicon.ico"):
  
Started GET "/rolldice" for ::1 at 2024-11-09 14:42:54 -0800
Processing by DiceController#roll as HTML
Completed 200 OK in 49ms (Views: 1.9ms | ActiveRecord: 0.0ms | Allocations: 2280)


Started GET "/rolldice" for ::1 at 2024-11-09 14:45:14 -0800
Processing by DiceController#roll as HTML
Completed 200 OK in 18ms (Views: 0.3ms | ActiveRecord: 0.0ms | Allocations: 664)


Started GET "/rolldice" for ::1 at 2024-11-09 14:45:27 -0800
Processing by DiceController#roll as HTML
Completed 200 OK in 8ms (Views: 0.1ms | ActiveRecord: 0.0ms | Allocations: 549)


Started GET "/rolldice" for ::1 at 2024-11-09 15:00:45 -0800
Processing by DiceController#roll as HTML
Completed 500 Internal Server Error in 8ms (ActiveRecord: 0.0ms | Allocations: 2257)


  
NoMethodError (undefined method `generate_trace_id' for module OpenTelemetry::Propagator::B3::Multi):
  
app/controllers/dice_controller.rb:13:in `roll'
Started GET "/rolldice" for ::1 at 2024-11-09 15:01:57 -0800
Processing by DiceController#roll as HTML
Completed 500 Internal Server Error in 0ms (ActiveRecord: 0.0ms | Allocations: 156)


  
NoMethodError (undefined method `generate_trace_id' for module OpenTelemetry::Propagator::B3::Multi):
  
app/controllers/dice_controller.rb:13:in `roll'
Started GET "/rolldice" for ::1 at 2024-11-09 15:03:13 -0800
Processing by DiceController#roll as HTML
Completed 500 Internal Server Error in 0ms (ActiveRecord: 0.0ms | Allocations: 156)


  
NoMethodError (undefined method `generate_trace_id' for module OpenTelemetry::Propagator::B3::Multi):
  
app/controllers/dice_controller.rb:13:in `roll'
Started GET "/rolldice" for ::1 at 2024-11-09 15:03:46 -0800
Processing by DiceController#roll as HTML
Completed 500 Internal Server Error in 0ms (ActiveRecord: 0.0ms | Allocations: 155)


  
NoMethodError (undefined method `generate_trace_id' for module OpenTelemetry::Propagator::B3::Multi):
  
app/controllers/dice_controller.rb:13:in `roll'
Started GET "/rolldice" for ::1 at 2024-11-09 15:12:59 -0800
Processing by DiceController#roll as HTML
Completed 500 Internal Server Error in 14ms (ActiveRecord: 0.0ms | Allocations: 4046)


  
NoMethodError (undefined method `inject' for module OpenTelemetry::Propagator::B3::Multi):
  
app/controllers/dice_controller.rb:13:in `roll'
Started GET "/rolldice" for ::1 at 2024-11-09 15:14:10 -0800
Processing by DiceController#roll as HTML
Completed 500 Internal Server Error in 15ms (ActiveRecord: 0.0ms | Allocations: 4078)


  
NoMethodError (undefined method `inject' for class OpenTelemetry::Propagator::B3::Multi::TextMapPropagator):
  
app/controllers/dice_controller.rb:13:in `roll'
Started GET "/rolldice" for ::1 at 2024-11-09 15:45:29 -0800
Processing by DiceController#roll as HTML
Completed 200 OK in 408ms (Views: 0.3ms | ActiveRecord: 0.0ms | Allocations: 2988)


Started GET "/rolldice" for ::1 at 2024-11-09 15:54:17 -0800
Processing by DiceController#roll as HTML
Completed 200 OK in 12ms (Views: 0.1ms | ActiveRecord: 0.0ms | Allocations: 556)


Started GET "/rolldice" for ::1 at 2024-11-09 15:56:01 -0800
Processing by DiceController#roll as HTML
Completed 200 OK in 207ms (Views: 1.6ms | ActiveRecord: 0.0ms | Allocations: 3136)


Started GET "/rolldice" for ::1 at 2024-11-09 15:56:35 -0800
Processing by DiceController#roll as HTML
Completed 200 OK in 22ms (Views: 0.2ms | ActiveRecord: 0.0ms | Allocations: 3134)


Started GET "/rolldice" for ::1 at 2024-11-09 15:57:07 -0800
Processing by DiceController#roll as HTML
Completed 200 OK in 32ms (Views: 0.2ms | ActiveRecord: 0.0ms | Allocations: 5721)


Started GET "/rolldice" for ::1 at 2024-11-09 16:00:24 -0800
Processing by DiceController#roll as HTML
Completed 200 OK in 59ms (Views: 1.6ms | ActiveRecord: 0.0ms | Allocations: 6989)


Started GET "/rolldice" for ::1 at 2024-11-09 16:00:53 -0800
Processing by DiceController#roll as HTML
Completed 200 OK in 22ms (Views: 0.2ms | ActiveRecord: 0.0ms | Allocations: 3152)


Started GET "/rolldice" for ::1 at 2024-11-09 16:04:34 -0800
Processing by DiceController#roll as HTML
Completed 500 Internal Server Error in 94ms (ActiveRecord: 0.0ms | Allocations: 4383)


  
JSON::ParserError (unexpected token at ''):
  
app/controllers/dice_controller.rb:22:in `block in roll'
app/controllers/dice_controller.rb:9:in `roll'
Started GET "/rolldice" for ::1 at 2024-11-09 16:05:28 -0800
Processing by DiceController#roll as HTML
Completed 200 OK in 37ms (Views: 0.1ms | ActiveRecord: 0.0ms | Allocations: 4250)


Started GET "/rolldice" for ::1 at 2024-11-09 16:07:08 -0800
Processing by DiceController#roll as HTML
Completed 200 OK in 25ms (Views: 0.4ms | ActiveRecord: 0.0ms | Allocations: 4234)


Started GET "/rolldice" for ::1 at 2024-11-09 16:07:49 -0800
Processing by DiceController#roll as HTML
{"accept-encoding"=>["gzip;q=1.0,deflate;q=0.6,identity;q=0.3"], "accept"=>["*/*"], "user-agent"=>["Ruby"], "host"=>["localhost:4010"], "traceparent"=>["00-a609f5aa8c21e80ebb361947b3c9f8a9-5362af78cc1ef364-01"]}
Completed 200 OK in 24ms (Views: 0.3ms | ActiveRecord: 0.0ms | Allocations: 4254)


Started GET "/rolldice" for ::1 at 2024-11-09 16:08:06 -0800
Processing by DiceController#roll as HTML
{"accept-encoding"=>["gzip;q=1.0,deflate;q=0.6,identity;q=0.3"], "accept"=>["*/*"], "user-agent"=>["Ruby"], "host"=>["localhost:4010"], "traceparent"=>["00-8abe46c9f682a37a22f36047bf18fbab-6466c91b205247ce-01"]}
Completed 200 OK in 31ms (Views: 0.3ms | ActiveRecord: 0.0ms | Allocations: 6940)


Started GET "/rolldice" for ::1 at 2024-11-09 16:09:59 -0800
Processing by DiceController#roll as HTML
request to hash {"accept-encoding"=>["gzip;q=1.0,deflate;q=0.6,identity;q=0.3"], "accept"=>["*/*"], "user-agent"=>["Ruby"], "host"=>["localhost:4010"], "traceparent"=>["00-48ae584927c82cfb976742ef5e46f046-9e02a26a04444a58-01"]}
Completed 200 OK in 22ms (Views: 0.4ms | ActiveRecord: 0.0ms | Allocations: 4241)


Started GET "/rolldice" for ::1 at 2024-11-09 16:10:17 -0800
Processing by DiceController#roll as HTML
request to hash!!!!
Completed 200 OK in 24ms (Views: 0.4ms | ActiveRecord: 0.0ms | Allocations: 4221)


Started GET "/rolldice" for ::1 at 2024-11-09 16:10:52 -0800
Processing by DiceController#roll as HTML
request to hash!!!!
Completed 200 OK in 31ms (Views: 0.3ms | ActiveRecord: 0.0ms | Allocations: 6906)


Started GET "/rolldice" for ::1 at 2024-11-09 16:13:13 -0800
Processing by DiceController#roll as HTML
request to hash!!!! {"accept-encoding"=>["gzip;q=1.0,deflate;q=0.6,identity;q=0.3"], "accept"=>["*/*"], "user-agent"=>["Ruby"], "host"=>["localhost:4010"], "traceparent"=>["00-d5c7125d7ebbbc725aec332edfe15b0c-8b6c277979ed72e3-01"]}
Completed 200 OK in 20ms (Views: 0.1ms | ActiveRecord: 0.0ms | Allocations: 3077)


Started GET "/rolldice" for ::1 at 2024-11-09 16:13:33 -0800
Processing by DiceController#roll as HTML
request to hash!!!! {"accept-encoding"=>["gzip;q=1.0,deflate;q=0.6,identity;q=0.3"], "accept"=>["*/*"], "user-agent"=>["Ruby"], "host"=>["localhost:4010"], "traceparent"=>["00-7e3815118a1d6ac4e441f9e8d42b43bb-0e40b45f7cca0b68-01"]}
Completed 200 OK in 58ms (Views: 0.3ms | ActiveRecord: 0.0ms | Allocations: 5759)


Started GET "/rolldice" for ::1 at 2024-11-09 16:14:40 -0800
Processing by DiceController#roll as HTML
Completed 200 OK in 22ms (Views: 0.3ms | ActiveRecord: 0.0ms | Allocations: 3071)


Started GET "/rolldice" for ::1 at 2024-11-09 16:15:04 -0800
Processing by DiceController#roll as HTML
roll 2
request to hash!!!! {"accept-encoding"=>["gzip;q=1.0,deflate;q=0.6,identity;q=0.3"], "accept"=>["*/*"], "user-agent"=>["Ruby"], "host"=>["localhost:4010"], "traceparent"=>["00-9204d6262c33fabace97e2f1507d2fa9-804d5cd905bbc26a-01"]}
Completed 200 OK in 23ms (Views: 0.8ms | ActiveRecord: 0.0ms | Allocations: 3085)


Started GET "/rolldice" for ::1 at 2024-11-09 16:16:23 -0800
Processing by DiceController#roll as HTML
heeelllooooooo
request to hash!!!! {"accept-encoding"=>["gzip;q=1.0,deflate;q=0.6,identity;q=0.3"], "accept"=>["*/*"], "user-agent"=>["Ruby"], "host"=>["localhost:4010"], "traceparent"=>["00-7d50ecd2e4a4dcc64cf3f27fc5c83c1e-a2c34dd83e5c08df-01"]}
Completed 200 OK in 95ms (Views: 0.3ms | ActiveRecord: 0.0ms | Allocations: 5769)


Started GET "/rolldice" for ::1 at 2024-11-09 16:17:11 -0800
Processing by DiceController#roll as HTML
heeelllooooooo
request to hash!!!! {"accept-encoding"=>["gzip;q=1.0,deflate;q=0.6,identity;q=0.3"], "accept"=>["*/*"], "user-agent"=>["Ruby"], "host"=>["localhost:4010"], "traceparent"=>["00-8800b902caae078626b0aabf45fcb735-3aa31ae7ce390134-01"]}
heeelllooooooo
Completed 200 OK in 21ms (Views: 0.3ms | ActiveRecord: 0.0ms | Allocations: 3097)


Started GET "/rolldice" for ::1 at 2024-11-09 16:22:03 -0800
Processing by DiceController#roll as HTML
heeelllooooooo
Completed 204 No Content in 8ms (ActiveRecord: 0.0ms | Allocations: 2062)


Started GET "/rolldice" for ::1 at 2024-11-09 16:22:47 -0800
Processing by DiceController#roll as HTML
heeelllooooooo
Completed 500 Internal Server Error in 4ms (ActiveRecord: 0.0ms | Allocations: 2536)


  
NameError (undefined local variable or method `url' for an instance of DiceController):
  
app/controllers/dice_controller.rb:11:in `roll'
Started GET "/rolldice" for ::1 at 2024-11-09 16:23:03 -0800
Processing by DiceController#roll as HTML
heeelllooooooo
Completed 500 Internal Server Error in 10ms (ActiveRecord: 0.0ms | Allocations: 4485)


  
Errno::ECONNREFUSED (Failed to open TCP connection to localhost:4010 (Connection refused - connect(2) for "localhost" port 4010)):
  
app/controllers/dice_controller.rb:15:in `roll'
Started GET "/rolldice" for ::1 at 2024-11-09 16:23:31 -0800
Processing by DiceController#roll as HTML
heeelllooooooo
Completed 200 OK in 479ms (Views: 0.7ms | ActiveRecord: 0.0ms | Allocations: 3281)


Started GET "/rolldice" for ::1 at 2024-11-09 16:23:50 -0800
Processing by DiceController#roll as HTML
heeelllooooooo
Completed 200 OK in 14ms (Views: 0.1ms | ActiveRecord: 0.0ms | Allocations: 3030)


Started GET "/rolldice" for ::1 at 2024-11-09 16:27:37 -0800
Processing by DiceController#roll as HTML
Completed 500 Internal Server Error in 13ms (ActiveRecord: 0.0ms | Allocations: 4783)


  
NameError (undefined local variable or method `req' for an instance of DiceController):
  
app/controllers/dice_controller.rb:13:in `roll'
Started GET "/rolldice" for ::1 at 2024-11-09 16:27:59 -0800
Processing by DiceController#roll as HTML
heeelllooooooo {"accept-encoding"=>["gzip;q=1.0,deflate;q=0.6,identity;q=0.3"], "accept"=>["*/*"], "user-agent"=>["Ruby"], "traceparent"=>["00-7a5dab60490ff7c0c5f9dca50058dfc2-80736779ea478888-01"]}
Completed 200 OK in 27ms (Views: 0.6ms | ActiveRecord: 0.0ms | Allocations: 3503)


Started GET "/rolldice" for ::1 at 2024-11-10 13:37:55 -0800
Processing by DiceController#roll as */*
heeelllooooooo {"accept-encoding"=>["gzip;q=1.0,deflate;q=0.6,identity;q=0.3"], "accept"=>["*/*"], "user-agent"=>["Ruby"], "traceparent"=>["00-d07ce10070cd429a5e1a48ab44cfc17a-6b5afc9c403af5c4-01"]}
Completed 200 OK in 453ms (Views: 0.5ms | ActiveRecord: 0.0ms | Allocations: 5767)


Started GET "/rolldice" for ::1 at 2024-11-10 13:38:59 -0800
Processing by DiceController#roll as */*
heeelllooooooo {"accept-encoding"=>["gzip;q=1.0,deflate;q=0.6,identity;q=0.3"], "accept"=>["*/*"], "user-agent"=>["Ruby"], "traceparent"=>["00-f848ba4eeca6195417f575b503b5b3aa-5111e2924e6865d6-01"]}
Completed 200 OK in 108ms (Views: 0.1ms | ActiveRecord: 0.0ms | Allocations: 3018)


Started GET "/rolldice" for ::1 at 2024-11-10 13:39:37 -0800
Processing by DiceController#roll as */*
heeelllooooooo {"accept-encoding"=>["gzip;q=1.0,deflate;q=0.6,identity;q=0.3"], "accept"=>["*/*"], "user-agent"=>["Ruby"], "traceparent"=>["00-cc81f7ff2e40cbf62c276d219a3cb903-56d0f32531f381e4-01"]}
Completed 200 OK in 120ms (Views: 3.3ms | ActiveRecord: 0.0ms | Allocations: 6000)


Started GET "/rolldice" for ::1 at 2024-11-10 13:45:20 -0800
Processing by DiceController#roll as */*
heeelllooooooo {"accept-encoding"=>["gzip;q=1.0,deflate;q=0.6,identity;q=0.3"], "accept"=>["*/*"], "user-agent"=>["Ruby"], "traceparent"=>["00-8ea3155b87c819bd2c6984ee715b0512-29b926ca935e752f-01"]}
Completed 200 OK in 131ms (Views: 0.2ms | ActiveRecord: 0.0ms | Allocations: 3016)


Started GET "/rolldice" for ::1 at 2024-11-10 13:48:09 -0800
Processing by DiceController#roll as */*
heeelllooooooo {"accept-encoding"=>["gzip;q=1.0,deflate;q=0.6,identity;q=0.3"], "accept"=>["*/*"], "user-agent"=>["Ruby"]}
Completed 200 OK in 34ms (Views: 0.4ms | ActiveRecord: 0.0ms | Allocations: 3078)


Started GET "/rolldice" for ::1 at 2024-11-10 13:51:58 -0800
Processing by DiceController#roll as */*
traceid —ö`ûI-à¯ØŸwò(b#
heeelllooooooo {"accept-encoding"=>["gzip;q=1.0,deflate;q=0.6,identity;q=0.3"], "accept"=>["*/*"], "user-agent"=>["Ruby"]}
Completed 200 OK in 40ms (Views: 0.3ms | ActiveRecord: 0.0ms | Allocations: 3108)


Started GET "/rolldice" for ::1 at 2024-11-10 13:56:15 -0800
Processing by DiceController#roll as */*
traceid 491f9f28d5595293614ccecaaf1efb1f
heeelllooooooo {"accept-encoding"=>["gzip;q=1.0,deflate;q=0.6,identity;q=0.3"], "accept"=>["*/*"], "user-agent"=>["Ruby"]}
Completed 200 OK in 28ms (Views: 0.1ms | ActiveRecord: 0.0ms | Allocations: 3101)


Started GET "/rolldice" for ::1 at 2024-11-10 14:24:48 -0800
Processing by DiceController#roll as */*
traceid 3f394a9949fee5b04840fdd3eef186bf
Completed 200 OK in 433ms (Views: 0.5ms | ActiveRecord: 0.0ms | Allocations: 3090)


Started GET "/rolldice" for ::1 at 2024-11-10 14:29:41 -0800
Processing by DiceController#roll as */*
traceid 00000000000000000000000000000000
Completed 200 OK in 27ms (Views: 0.5ms | ActiveRecord: 0.0ms | Allocations: 3055)


Started GET "/rolldice" for ::1 at 2024-11-10 14:30:56 -0800
Processing by DiceController#roll as */*
traceid bb535c49c6af6135daf0aeaf43868ee2
Completed 200 OK in 35ms (Views: 1.0ms | ActiveRecord: 0.0ms | Allocations: 5763)


Started GET "/rolldice" for ::1 at 2024-11-10 14:31:34 -0800
Processing by DiceController#roll as */*
traceid 8cd5ea39086ff27a6c9d7cd648ad4fd0
Completed 200 OK in 24ms (Views: 0.2ms | ActiveRecord: 0.0ms | Allocations: 3009)


Started GET "/rolldice" for ::1 at 2024-11-10 14:32:43 -0800
Processing by DiceController#roll as */*
traceid 9b77644f0413812744520d87c9ab46f3
Completed 200 OK in 99ms (Views: 0.4ms | ActiveRecord: 0.0ms | Allocations: 3006)


Started GET "/rolldice" for ::1 at 2024-11-10 14:33:49 -0800
Processing by DiceController#roll as */*
traceid 7ea6b9f4c32eb922c3ed010499e7f9e3
Completed 200 OK in 119ms (Views: 0.4ms | ActiveRecord: 0.0ms | Allocations: 3005)


Started GET "/rolldice" for ::1 at 2024-11-10 14:48:46 -0800
Processing by DiceController#roll as */*
traceid 94ee5522df39bb9afd38657df6690b45
Completed 200 OK in 24ms (Views: 0.2ms | ActiveRecord: 0.0ms | Allocations: 3005)


Started GET "/rolldice" for ::1 at 2024-11-10 14:58:30 -0800
Processing by DiceController#roll as */*
Baggage set 
traceid 66684b564c130ddfd98a418fa99c2272
Completed 500 Internal Server Error in 101ms (ActiveRecord: 0.0ms | Allocations: 4232)


  
NoMethodError (undefined method `headers' for an instance of Net::HTTP::Post):
  
app/controllers/dice_controller.rb:21:in `roll'
Started GET "/rolldice" for ::1 at 2024-11-10 14:59:21 -0800
Processing by DiceController#roll as */*
Baggage set 
traceid c0840fa76258cd372245290b5bc4102e
Completed 500 Internal Server Error in 4ms (ActiveRecord: 0.0ms | Allocations: 1192)


  
NoMethodError (undefined method `headers' for an instance of Net::HTTP::Post):
  
app/controllers/dice_controller.rb:19:in `roll'
Started GET "/rolldice" for ::1 at 2024-11-10 15:01:20 -0800
Processing by DiceController#roll as */*
Baggage set 
traceid a278d3a339aba55dbdd25d5c85e652a8
Completed 200 OK in 26ms (Views: 0.3ms | ActiveRecord: 0.0ms | Allocations: 3109)


Started GET "/rolldice" for ::1 at 2024-11-10 15:10:38 -0800
Processing by DiceController#roll as */*
Baggage set 
traceid 00000000000000000000000000000000
Completed 200 OK in 33ms (Views: 0.2ms | ActiveRecord: 0.0ms | Allocations: 3069)


Started GET "/rolldice" for ::1 at 2024-11-10 15:13:06 -0800
Processing by DiceController#roll as */*
Baggage set 
traceid 00000000000000000000000000000000
Completed 200 OK in 438ms (Views: 0.5ms | ActiveRecord: 0.0ms | Allocations: 3072)


Started GET "/rolldice" for ::1 at 2024-11-10 15:13:44 -0800
Processing by DiceController#roll as */*
Baggage set 
traceid 00000000000000000000000000000000
Completed 200 OK in 516ms (Views: 0.7ms | ActiveRecord: 0.0ms | Allocations: 3069)


Started GET "/rolldice" for ::1 at 2024-11-10 15:14:12 -0800
Processing by DiceController#roll as */*
Baggage set 
traceid 00000000000000000000000000000000
Completed 200 OK in 19ms (Views: 0.3ms | ActiveRecord: 0.0ms | Allocations: 593)


Started GET "/rolldice" for ::1 at 2024-11-10 15:15:36 -0800
Processing by DiceController#roll as */*
Baggage set 
traceid 00000000000000000000000000000000
Completed 200 OK in 16ms (Views: 0.3ms | ActiveRecord: 0.0ms | Allocations: 590)


Started GET "/rolldice" for ::1 at 2024-11-10 15:25:26 -0800
Processing by DiceController#roll as */*
Baggage set 
traceid 36c4b59b903adae2cbcffb3e94b7bd8f
Completed 200 OK in 427ms (Views: 0.4ms | ActiveRecord: 0.0ms | Allocations: 3196)


Started GET "/rolldice" for ::1 at 2024-11-10 15:31:56 -0800
Processing by DiceController#roll as */*
Baggage set 
Completed 204 No Content in 0ms (ActiveRecord: 0.0ms | Allocations: 129)


Started GET "/rolldice" for 127.0.0.1 at 2024-11-10 18:29:00 -0800
Processing by DiceController#roll as HTML
Baggage set 
traceid 0da04e478befdef526b9038ba145fc38
Completed 204 No Content in 7ms (ActiveRecord: 0.0ms | Allocations: 2047)


Started GET "/" for 127.0.0.1 at 2024-11-10 18:29:16 -0800
Processing by Rails::WelcomeController#index as HTML
  Rendering /Users/chiara.gelinas/.asdf/installs/ruby/3.3.4/lib/ruby/gems/3.3.0/gems/railties-7.0.8.6/lib/rails/templates/rails/welcome/index.html.erb
  Rendered /Users/chiara.gelinas/.asdf/installs/ruby/3.3.4/lib/ruby/gems/3.3.0/gems/railties-7.0.8.6/lib/rails/templates/rails/welcome/index.html.erb (Duration: 3.1ms | Allocations: 500)
Completed 200 OK in 23ms (Views: 8.2ms | ActiveRecord: 0.0ms | Allocations: 4068)


Started GET "/rolldice" for 127.0.0.1 at 2024-11-10 18:29:20 -0800
Processing by DiceController#roll as HTML
Baggage set 
traceid e1da2c8e76dcec52e2a523d0695146bc
Completed 204 No Content in 0ms (ActiveRecord: 0.0ms | Allocations: 69)


Started GET "/rolldice" for 127.0.0.1 at 2024-11-10 18:29:37 -0800
Processing by DiceController#roll as HTML
Baggage set 
traceid 4bb04a3c70f8e7709678a16c1383493d
Completed 204 No Content in 13836ms (ActiveRecord: 0.0ms | Allocations: 6441)


Started GET "/rolldice" for 127.0.0.1 at 2024-11-10 19:06:16 -0800
Processing by DiceController#roll as HTML
Baggage set 
traceid db5f4684cf129152746b0dee07c1fdf6
Completed 200 OK in 1ms (Views: 0.6ms | ActiveRecord: 0.0ms | Allocations: 239)


Started GET "/favicon.ico" for 127.0.0.1 at 2024-11-10 19:06:17 -0800
  
ActionController::RoutingError (No route matches [GET] "/favicon.ico"):
  
Started GET "/rolldice" for 127.0.0.1 at 2024-11-10 19:07:55 -0800
Processing by DiceController#roll as HTML
Baggage set 
traceid 90dec065976021843b03a33f79cdf407
Completed 200 OK in 128224ms (Views: 0.6ms | ActiveRecord: 0.0ms | Allocations: 95821)


Started GET "/rolldice" for 127.0.0.1 at 2024-11-10 19:13:59 -0800
Processing by DiceController#roll as HTML
Baggage set 
traceid 4340aab435d9295b046bed7ca855cd1f
Completed 200 OK in 168952ms (Views: 0.2ms | ActiveRecord: 0.0ms | Allocations: 127802)


Started GET "/rolldice" for 127.0.0.1 at 2024-11-10 19:25:04 -0800
Processing by DiceController#roll as HTML
Baggage set 
traceid 00000000000000000000000000000000
Completed 200 OK in 10ms (Views: 1.3ms | ActiveRecord: 0.0ms | Allocations: 2289)


Started GET "/rolldice" for 127.0.0.1 at 2024-11-10 19:25:40 -0800
Processing by DiceController#roll as HTML
Baggage set 
traceid 00000000000000000000000000000000
Completed 200 OK in 46493ms (Views: 0.6ms | ActiveRecord: 0.0ms | Allocations: 84835)


Started GET "/rolldice" for 127.0.0.1 at 2024-11-10 19:27:39 -0800
Processing by DiceController#roll as HTML
Completed 500 Internal Server Error in 1ms (ActiveRecord: 0.0ms | Allocations: 179)


  
NoMethodError (undefined method `trace_id' for an instance of OpenTelemetry::Trace::Span):
  
app/controllers/dice_controller.rb:8:in `roll'
Started GET "/rolldice" for 127.0.0.1 at 2024-11-10 20:52:31 -0800
Processing by DiceController#roll as HTML
Baggage set 
traceid 00000000000000000000000000000000
Completed 200 OK in 2ms (Views: 0.5ms | ActiveRecord: 0.0ms | Allocations: 179)


Started GET "/rolldice" for 127.0.0.1 at 2024-11-10 20:54:19 -0800
Processing by DiceController#roll as HTML
Baggage set 
traceid 00000000000000000000000000000000
Completed 200 OK in 0ms (Views: 0.1ms | ActiveRecord: 0.0ms | Allocations: 101)


Started GET "/rolldice" for 127.0.0.1 at 2024-11-10 20:54:26 -0800
Processing by DiceController#roll as HTML
Baggage set 
traceid 00000000000000000000000000000000
Completed 200 OK in 0ms (Views: 0.2ms | ActiveRecord: 0.0ms | Allocations: 101)


Started GET "/rolldice" for 127.0.0.1 at 2024-11-10 20:54:56 -0800
Processing by DiceController#roll as HTML
Baggage set 
traceid 00000000000000000000000000000000
Completed 200 OK in 6ms (Views: 0.4ms | ActiveRecord: 0.0ms | Allocations: 2219)


Started GET "/rolldice" for 127.0.0.1 at 2024-11-10 20:56:08 -0800
Processing by DiceController#roll as HTML
Baggage set 
traceid 00000000000000000000000000000000
Completed 200 OK in 0ms (Views: 0.1ms | ActiveRecord: 0.0ms | Allocations: 105)


Started GET "/rolldice" for 127.0.0.1 at 2024-11-10 20:56:35 -0800
Processing by DiceController#roll as HTML
Baggage set 
traceid 00000000000000000000000000000000
Completed 200 OK in 0ms (Views: 0.1ms | ActiveRecord: 0.0ms | Allocations: 104)


Started GET "/rolldice" for 127.0.0.1 at 2024-11-10 20:57:41 -0800
Processing by DiceController#roll as HTML
Baggage set 
traceid 00000000000000000000000000000000
Completed 200 OK in 61288ms (Views: 0.4ms | ActiveRecord: 0.0ms | Allocations: 35275)


Started GET "/rolldice" for 127.0.0.1 at 2024-11-10 20:59:59 -0800
Processing by DiceController#roll as HTML
Baggage set 
traceid 00000000000000000000000000000000
Completed 200 OK in 15365ms (Views: 0.1ms | ActiveRecord: 0.0ms | Allocations: 38597)


Started GET "/rolldice" for 127.0.0.1 at 2024-11-10 21:06:07 -0800
Processing by DiceController#roll as HTML
traceid ce95d8b8cd92695639daab99fa591b72
Completed 200 OK in 7ms (Views: 0.3ms | ActiveRecord: 0.0ms | Allocations: 2159)


Started GET "/rolldice" for 127.0.0.1 at 2024-11-10 21:06:23 -0800
Processing by DiceController#roll as HTML
Baggage set 
traceid 1ea7c057f2f6f5ed631c535442cf0459
Completed 200 OK in 1ms (Views: 0.3ms | ActiveRecord: 0.0ms | Allocations: 195)


Started GET "/rolldice" for 127.0.0.1 at 2024-11-10 21:06:34 -0800
Processing by DiceController#roll as HTML
Baggage set 
traceid 14b8dc724cf2ecd39d7b81f823267608
Completed 200 OK in 0ms (Views: 0.1ms | ActiveRecord: 0.0ms | Allocations: 103)


Started GET "/rolldice" for 127.0.0.1 at 2024-11-10 21:07:02 -0800
Processing by DiceController#roll as HTML
Baggage set 
traceid c92909ec04f97981d5a4c858f1f129b2
Completed 200 OK in 4762ms (Views: 0.2ms | ActiveRecord: 0.0ms | Allocations: 6882)


Started GET "/rolldice" for 127.0.0.1 at 2024-11-11 08:42:59 -0800
Processing by DiceController#roll as HTML
Baggage set 
traceid 095bdea2e4ee2afbf82914ad1a5a3f02
Completed 200 OK in 8ms (Views: 0.6ms | ActiveRecord: 0.0ms | Allocations: 2202)


Started GET "/rolldice" for 127.0.0.1 at 2024-11-11 08:43:26 -0800
Processing by DiceController#roll as HTML
traceid 9f791bd3989c2c4379c62df79f8fd6d7
Completed 200 OK in 1ms (Views: 0.3ms | ActiveRecord: 0.0ms | Allocations: 153)


Started GET "/rolldice" for 127.0.0.1 at 2024-11-11 08:43:52 -0800
Processing by DiceController#roll as HTML
traceid 9a3e1af3260a355eb38e79b48c473b58
Completed 200 OK in 1ms (Views: 0.2ms | ActiveRecord: 0.0ms | Allocations: 161)


Started GET "/rolldice" for 127.0.0.1 at 2024-11-11 08:44:08 -0800
Processing by DiceController#roll as HTML
Baggage get 
traceid 7ba754a3f6d48031f528b84cb174b16c
Completed 200 OK in 1ms (Views: 0.2ms | ActiveRecord: 0.0ms | Allocations: 171)


Started GET "/rolldice" for 127.0.0.1 at 2024-11-11 08:46:49 -0800
Processing by DiceController#roll as HTML
Baggage get 
traceid c845dcb10c9648c464c7174cfcfa665b
Completed 200 OK in 1ms (Views: 0.3ms | ActiveRecord: 0.0ms | Allocations: 172)


Started GET "/rolldice" for 127.0.0.1 at 2024-11-11 09:04:31 -0800
Processing by DiceController#roll as HTML
Baggage get 
traceid f76a45a4b57f699ba059f2ef5c03efbd
Completed 200 OK in 238202ms (Views: 0.3ms | ActiveRecord: 0.0ms | Allocations: 168595)


Started GET "/rolldice" for 127.0.0.1 at 2024-11-11 09:14:44 -0800
Processing by DiceController#roll as HTML
Baggage get my carry on bag
traceid e906f36082098a3b41256a3018009416
Completed 200 OK in 5365ms (Views: 0.2ms | ActiveRecord: 0.0ms | Allocations: 8213)


Started GET "/rolldice" for 127.0.0.1 at 2024-11-11 10:48:01 -0800
Processing by DiceController#roll as HTML
traceid f4b5ffd005b5d15f34a5e10c6c783082
Completed 200 OK in 470ms (Views: 0.7ms | ActiveRecord: 0.0ms | Allocations: 5484)


Started GET "/rolldice" for 127.0.0.1 at 2024-11-11 13:39:30 -0800
Processing by DiceController#roll as HTML
traceid f70979e4cd64f6e4f595a27049877c0c
Completed 500 Internal Server Error in 9ms (ActiveRecord: 0.0ms | Allocations: 3320)


  
NoMethodError (undefined method `headers' for an instance of Net::HTTP::Post):
  
app/controllers/dice_controller.rb:29:in `roll'
Started GET "/favicon.ico" for 127.0.0.1 at 2024-11-11 13:39:30 -0800
  
ActionController::RoutingError (No route matches [GET] "/favicon.ico"):
  
Started GET "/rolldice" for 127.0.0.1 at 2024-11-11 13:40:39 -0800
Processing by DiceController#roll as HTML
traceid afeccaac00323226c9959dc64d6665a0
Completed 500 Internal Server Error in 3ms (ActiveRecord: 0.0ms | Allocations: 1015)


  
ArgumentError (wrong number of arguments (given 2, expected 1)):
  
app/controllers/dice_controller.rb:29:in `roll'
Started GET "/rolldice" for 127.0.0.1 at 2024-11-11 13:41:51 -0800
Processing by DiceController#roll as HTML
traceid 62f15c2802243ba23cf5b8009b5cccb7
Completed 200 OK in 431ms (Views: 0.5ms | ActiveRecord: 0.0ms | Allocations: 3330)


Started GET "/rolldice" for 127.0.0.1 at 2024-11-11 13:42:58 -0800
Processing by DiceController#roll as HTML
traceid 35ca298058354c55df79c36e241b60cf
Completed 200 OK in 27ms (Views: 0.4ms | ActiveRecord: 0.0ms | Allocations: 2925)


Started GET "/rolldice" for 127.0.0.1 at 2024-11-11 13:43:25 -0800
Processing by DiceController#roll as HTML
traceid 41c1edf5d22fc2cfb2d7beed04493548
Completed 200 OK in 19ms (Views: 0.1ms | ActiveRecord: 0.0ms | Allocations: 2840)


Started GET "/rolldice" for 127.0.0.1 at 2024-11-11 13:43:48 -0800
Processing by DiceController#roll as HTML
traceid 1d6c638df3fbc757cdc7cbb1aa0e9d28
Completed 200 OK in 29ms (Views: 0.5ms | ActiveRecord: 0.0ms | Allocations: 5494)


Started GET "/rolldice" for 127.0.0.1 at 2024-11-11 13:43:58 -0800
Processing by DiceController#roll as HTML
traceid ac87cd60501779e1414043fb8d383c3d
Completed 200 OK in 20096ms (Views: 0.6ms | ActiveRecord: 0.0ms | Allocations: 12280)


Started GET "/rolldice" for 127.0.0.1 at 2024-11-11 13:45:35 -0800
Processing by DiceController#roll as HTML
traceid 0a79f7dcbebfbd2c09231b4acd94670b
Completed 200 OK in 28154ms (Views: 0.2ms | ActiveRecord: 0.0ms | Allocations: 18335)


Started GET "/rolldice" for 127.0.0.1 at 2024-11-11 13:47:56 -0800
Processing by DiceController#roll as HTML
traceid 85289b3a8a1e550dcd7b5e32356ea775
Completed 200 OK in 38ms (Views: 0.3ms | ActiveRecord: 0.0ms | Allocations: 2911)


Started GET "/rolldice" for 127.0.0.1 at 2024-11-11 13:48:27 -0800
Processing by DiceController#roll as HTML
traceid 6750dc7918e316491b02243f5b32f36e
Completed 200 OK in 47ms (Views: 0.3ms | ActiveRecord: 0.0ms | Allocations: 2913)


Started GET "/rolldice" for 127.0.0.1 at 2024-11-11 14:00:09 -0800
Processing by DiceController#roll as HTML
traceid 08b5d071a621aea06cc28c6f80550962
Completed 204 No Content in 8223ms (ActiveRecord: 0.0ms | Allocations: 9653)


Started GET "/rolldice" for 127.0.0.1 at 2024-11-11 14:00:48 -0800
Processing by DiceController#roll as HTML
traceid 0bdbaed19ad71a875aac3274a03be081
Completed 200 OK in 28ms (Views: 0.5ms | ActiveRecord: 0.0ms | Allocations: 3924)


Started GET "/rolldice" for 127.0.0.1 at 2024-11-11 14:01:12 -0800
Processing by DiceController#roll as HTML
traceid bc3bc4091ffc42c93e9dd33c22ac647e
Completed 200 OK in 15679ms (Views: 0.1ms | ActiveRecord: 0.0ms | Allocations: 31496)


Started GET "/rolldice" for 127.0.0.1 at 2024-11-11 14:01:30 -0800
Processing by DiceController#roll as HTML
traceid a971b6ffdfd41e3ee656747ac2ca6c43
Completed 200 OK in 22ms (Views: 0.4ms | ActiveRecord: 0.0ms | Allocations: 3845)


Started GET "/rolldice" for 127.0.0.1 at 2024-11-11 14:07:47 -0800
Processing by DiceController#roll as HTML
traceid a41c1945a2884706edf0e503fb26174b
Completed 200 OK in 18067ms (Views: 0.3ms | ActiveRecord: 0.0ms | Allocations: 30399)


Started GET "/rolldice" for 127.0.0.1 at 2024-11-11 14:08:59 -0800
Processing by DiceController#roll as HTML
traceid 5a8aa8adc390bdc641e29b340a49e054
Completed 200 OK in 98931ms (Views: 0.1ms | ActiveRecord: 0.0ms | Allocations: 213948)


Started GET "/rolldice" for 127.0.0.1 at 2024-11-11 14:13:26 -0800
Processing by DiceController#roll as HTML
traceid 280fefc85f231ff1baaa92339252d265
Completed 200 OK in 30ms (Views: 0.8ms | ActiveRecord: 0.0ms | Allocations: 5497)


Started GET "/rolldice" for 127.0.0.1 at 2024-11-11 14:18:30 -0800
Processing by DiceController#roll as HTML
traceid 65f8292ecea60e68a9abf2e0247e4afb
Completed 500 Internal Server Error in 24ms (ActiveRecord: 0.0ms | Allocations: 409)


  
JSON::GeneratorError (source sequence is illegal/malformed utf-8):
  
app/controllers/dice_controller.rb:9:in `roll'
Started GET "/rolldice" for 127.0.0.1 at 2024-11-11 14:21:11 -0800
Processing by DiceController#roll as HTML
traceid e0effd96b95e37725ecd369f379bf964
Completed 200 OK in 29ms (Views: 0.3ms | ActiveRecord: 0.0ms | Allocations: 2928)


Started GET "/rolldice" for 127.0.0.1 at 2024-11-11 14:33:23 -0800
Processing by DiceController#roll as HTML
traceid 82b008929f7070cb0e5d53e8a1adeb58
Trace ID: ‚°’ŸppË]Sè¡­ëX
Baggage value for 'carry_on': 
Completed 204 No Content in 11341ms (ActiveRecord: 0.0ms | Allocations: 23077)


Started GET "/rolldice" for 127.0.0.1 at 2024-11-11 14:34:05 -0800
Processing by DiceController#roll as HTML
traceid d8293f5c1ec67c2e10a2e5450d944e98
Trace ID: Ø)?\Æ|.¢åE”N˜
Baggage value for 'carry_on': 
Completed 204 No Content in 274ms (ActiveRecord: 0.0ms | Allocations: 3826)


Started GET "/rolldice" for 127.0.0.1 at 2024-11-11 14:34:58 -0800
Processing by DiceController#roll as HTML
traceid d83da2e85afa11b255f025a9ec1ae430
Trace ID: d83da2e85afa11b255f025a9ec1ae430
Baggage value for 'carry_on': 
Completed 204 No Content in 67ms (ActiveRecord: 0.0ms | Allocations: 3888)


Started GET "/rolldice" for 127.0.0.1 at 2024-11-11 14:35:20 -0800
Processing by DiceController#roll as HTML
traceid c673ba19660f047a559c6375a24e92b5
Trace ID: c673ba19660f047a559c6375a24e92b5
Baggage value for 'carry_on': 
Completed 200 OK in 54ms (Views: 0.5ms | ActiveRecord: 0.0ms | Allocations: 4119)


Started GET "/rolldice" for 127.0.0.1 at 2024-11-11 14:38:53 -0800
Processing by DiceController#roll as HTML
traceid 7ca41a05c904b482123a74702653a32b
Completed 200 OK in 26ms (Views: 0.3ms | ActiveRecord: 0.0ms | Allocations: 2897)


Started GET "/rolldice" for 127.0.0.1 at 2024-11-11 14:40:03 -0800
Processing by DiceController#roll as HTML
traceid c16bf2a909b1503ebff8f8f68327ef7f
this is painful
Completed 200 OK in 200ms (Views: 0.4ms | ActiveRecord: 0.0ms | Allocations: 2955)


Started GET "/rolldice" for 127.0.0.1 at 2024-11-11 14:40:51 -0800
Processing by DiceController#roll as HTML
traceid d08639699fd0527493b3c63743e47c7a
Baggage get my carry on bag
this is painful
Completed 200 OK in 31ms (Views: 0.2ms | ActiveRecord: 0.0ms | Allocations: 2955)


Started GET "/rolldice" for 127.0.0.1 at 2024-11-11 15:18:04 -0800
Processing by DiceController#roll as HTML
traceid b83b03e0210c6d66c999225169c22b83
Baggage get my carry on bag
Completed 500 Internal Server Error in 95680ms (ActiveRecord: 0.0ms | Allocations: 133591)


  
Errno::ECONNRESET (Connection reset by peer):
  
app/controllers/dice_controller.rb:43:in `roll'
Started GET "/rolldice" for 127.0.0.1 at 2024-11-11 15:20:23 -0800
Processing by DiceController#roll as HTML
traceid 83f1928660e1449f8ae8347b68af6fff
Baggage get my carry on bag
Completed 200 OK in 1812ms (Views: 0.2ms | ActiveRecord: 0.0ms | Allocations: 11793)


Started GET "/rolldice" for 127.0.0.1 at 2024-11-11 15:22:09 -0800
Processing by DiceController#roll as HTML
traceid 6bb75cea50e243677b892a0b0dfe34b3
Baggage get my carry on bag
Completed 200 OK in 22984ms (Views: 0.1ms | ActiveRecord: 0.0ms | Allocations: 72769)


Started GET "/rolldice" for 127.0.0.1 at 2024-11-11 15:45:49 -0800
Processing by DiceController#roll as HTML
traceid 9230ec247639b43c56571ecbf6fc1b6a
Baggage get my carry on bag
Completed 500 Internal Server Error in 48989ms (ActiveRecord: 0.0ms | Allocations: 70688)


  
Errno::ECONNRESET (Connection reset by peer):
  
app/controllers/dice_controller.rb:43:in `roll'
Started GET "/rolldice" for 127.0.0.1 at 2024-11-11 15:48:57 -0800
Processing by DiceController#roll as HTML
traceid adb52b0597bb8d86c146d4a1a018bc65
Baggage get my carry on bag
Completed 200 OK in 10895ms (Views: 0.3ms | ActiveRecord: 0.0ms | Allocations: 11323)


Started GET "/rolldice" for 127.0.0.1 at 2024-11-11 15:50:07 -0800
Processing by DiceController#roll as HTML
traceid 8b434436b9b567d736c9f2cae5d1e491
Baggage get my carry on bag
Completed 500 Internal Server Error in 4488ms (ActiveRecord: 0.0ms | Allocations: 10898)


  
NameError (undefined local variable or method `context' for an instance of DiceController):
  
app/controllers/dice_controller.rb:23:in `block in roll'
app/controllers/dice_controller.rb:18:in `roll'
Started GET "/rolldice" for 127.0.0.1 at 2024-11-11 15:51:10 -0800
Processing by DiceController#roll as HTML
traceid 5f711e6dc435acc60309530e0c52906a
Baggage get my carry on bag
Raw entries {"carry_on"=>#<OpenTelemetry::Baggage::Entry:0x00000001423af898 @value="my carry on bag", @metadata=nil>, "checked_bag"=>#<OpenTelemetry::Baggage::Entry:0x00000001423af7a8 @value="my huge suitcase", @metadata=nil>}
Completed 200 OK in 14491ms (Views: 0.2ms | ActiveRecord: 0.0ms | Allocations: 18604)


Started GET "/rolldice" for 127.0.0.1 at 2024-11-11 15:57:27 -0800
Processing by DiceController#roll as HTML
traceid f46db724fdd5c21a1ac2a087af8e6afd
Baggage get my carry on bag
Raw entries {"carry_on"=>#<OpenTelemetry::Baggage::Entry:0x000000014365ee30 @value="my carry on bag", @metadata=nil>}
Completed 500 Internal Server Error in 2319ms (ActiveRecord: 0.0ms | Allocations: 6743)


  
LocalJumpError (no block given (yield)):
  
app/controllers/dice_controller.rb:26:in `roll'
Started GET "/rolldice" for 127.0.0.1 at 2024-11-11 15:58:18 -0800
Processing by DiceController#roll as HTML
traceid 05c95a6434d7b9aad9356479e9031f2d
Baggage get my carry on bag
Raw entries {"carry_on"=>#<OpenTelemetry::Baggage::Entry:0x0000000143651a28 @value="my carry on bag", @metadata=nil>}
Completed 500 Internal Server Error in 3489ms (ActiveRecord: 0.0ms | Allocations: 6747)


  
LocalJumpError (no block given (yield)):
  
app/controllers/dice_controller.rb:26:in `roll'
Started GET "/rolldice" for 127.0.0.1 at 2024-11-11 16:00:14 -0800
Processing by DiceController#roll as HTML
traceid 0cb653c59972c7b96b79e608bfd37e3f
Baggage get my carry on bag
Raw entries {"carry_on"=>#<OpenTelemetry::Baggage::Entry:0x000000014371c048 @value="my carry on bag", @metadata=nil>}
Other raw entries {}
Completed 200 OK in 3080ms (Views: 0.2ms | ActiveRecord: 0.0ms | Allocations: 9457)


Started GET "/rolldice" for 127.0.0.1 at 2024-11-11 16:02:41 -0800
Processing by DiceController#roll as HTML
traceid ff8a537813ecb53ec9ba681b68ae95c6
Baggage get my carry on bag
Raw entries {"carry_on"=>#<OpenTelemetry::Baggage::Entry:0x00000001423c05f8 @value="my carry on bag", @metadata=nil>}
Other raw entries {}
Completed 200 OK in 72507ms (Views: 0.4ms | ActiveRecord: 0.0ms | Allocations: 52112)


Started GET "/rolldice" for 127.0.0.1 at 2024-11-11 16:04:27 -0800
Processing by DiceController#roll as HTML
traceid 444dea6639133d36b1397a32c68815bd
Other raw entries {}
Completed 200 OK in 60380ms (Views: 0.2ms | ActiveRecord: 0.0ms | Allocations: 49712)


Started GET "/rolldice" for 127.0.0.1 at 2024-11-11 16:08:38 -0800
Processing by DiceController#roll as HTML
traceid c981437f05f73f06d680a73f1fe7d251
Completed 500 Internal Server Error in 28ms (ActiveRecord: 0.0ms | Allocations: 2460)


  
NameError (undefined local variable or method `context' for an instance of DiceController):
  
app/controllers/dice_controller.rb:10:in `roll'
Started GET "/rolldice" for 127.0.0.1 at 2024-11-11 16:08:48 -0800
Processing by DiceController#roll as HTML
traceid 7327ed8a2b6b7bd5b742499a2f563855
Baggage get my carry on bag
Raw entries {"carry_on"=>#<OpenTelemetry::Baggage::Entry:0x00000001438d19b0 @value="my carry on bag", @metadata=nil>}
Other raw entries {"carry_on"=>#<OpenTelemetry::Baggage::Entry:0x00000001438d19b0 @value="my carry on bag", @metadata=nil>}
Completed 200 OK in 2541ms (Views: 0.2ms | ActiveRecord: 0.0ms | Allocations: 8436)


Started GET "/rolldice" for 127.0.0.1 at 2024-11-12 07:39:40 -0800
Processing by DiceController#roll as HTML
traceid ee8d7420234727b1249a2920c1054eed
Baggage get my carry on bag
Raw entries {"carry_on"=>#<OpenTelemetry::Baggage::Entry:0x0000000143adcc28 @value="my carry on bag", @metadata=nil>}
Other raw entries {}
Other raw entries {"carry_on"=>#<OpenTelemetry::Baggage::Entry:0x0000000143adcc28 @value="my carry on bag", @metadata=nil>}
Completed 200 OK in 43027ms (Views: 0.6ms | ActiveRecord: 0.0ms | Allocations: 32870)


Started GET "/rolldice" for 127.0.0.1 at 2024-11-12 07:43:00 -0800
Processing by DiceController#roll as HTML
traceid c2b445d9d0ef44469b23412bcf593ca8
Baggage get my carry on bag
Raw entries {"carry_on"=>#<OpenTelemetry::Baggage::Entry:0x0000000143a36fd0 @value="my carry on bag", @metadata=nil>}
Other raw entries {}
Other raw entries {"carry_on"=>#<OpenTelemetry::Baggage::Entry:0x0000000143a36fd0 @value="my carry on bag", @metadata=nil>}
Completed 500 Internal Server Error in 4122ms (ActiveRecord: 0.0ms | Allocations: 12161)


  
NoMethodError (undefined method `inject' for an instance of OpenTelemetry::Context):
  
app/controllers/dice_controller.rb:48:in `block in roll'
app/controllers/dice_controller.rb:39:in `roll'
Started GET "/rolldice" for 127.0.0.1 at 2024-11-12 07:45:22 -0800
Processing by DiceController#roll as HTML
traceid 968992a734af0ba2e6d51273710d31ce
Baggage get my carry on bag
Raw entries {"carry_on"=>#<OpenTelemetry::Baggage::Entry:0x0000000143b55e98 @value="my carry on bag", @metadata=nil>}
Other raw entries {}
Other raw entries {"carry_on"=>#<OpenTelemetry::Baggage::Entry:0x0000000143b55e98 @value="my carry on bag", @metadata=nil>}
Completed 200 OK in 3644ms (Views: 0.4ms | ActiveRecord: 0.0ms | Allocations: 13821)


Started GET "/rolldice" for 127.0.0.1 at 2024-11-12 07:45:43 -0800
Processing by DiceController#roll as HTML
traceid 78df7540e7d0bfe8cdb32e5378737347
Baggage get my carry on bag
Raw entries {"carry_on"=>#<OpenTelemetry::Baggage::Entry:0x000000014395e1a8 @value="my carry on bag", @metadata=nil>}
Other raw entries {}
Other raw entries {"carry_on"=>#<OpenTelemetry::Baggage::Entry:0x000000014395e1a8 @value="my carry on bag", @metadata=nil>}
Completed 200 OK in 3165ms (Views: 0.1ms | ActiveRecord: 0.0ms | Allocations: 13724)


Started GET "/rolldice" for 127.0.0.1 at 2024-11-12 07:45:56 -0800
Processing by DiceController#roll as HTML
traceid 94e33b22a59564024bf525def6fa9744
Baggage get my carry on bag
Raw entries {"carry_on"=>#<OpenTelemetry::Baggage::Entry:0x0000000143b9e828 @value="my carry on bag", @metadata=nil>}
Other raw entries {}
Other raw entries {"carry_on"=>#<OpenTelemetry::Baggage::Entry:0x0000000143b9e828 @value="my carry on bag", @metadata=nil>}
Completed 200 OK in 41273ms (Views: 0.2ms | ActiveRecord: 0.0ms | Allocations: 135261)


Started GET "/rolldice" for 127.0.0.1 at 2024-11-12 07:47:05 -0800
Processing by DiceController#roll as HTML
traceid a826517493a1fe720995c7c56febebd5
Baggage get my carry on bag
Raw entries {"carry_on"=>#<OpenTelemetry::Baggage::Entry:0x0000000143634a40 @value="my carry on bag", @metadata=nil>}
Other raw entries {}
Other raw entries {"carry_on"=>#<OpenTelemetry::Baggage::Entry:0x0000000143634a40 @value="my carry on bag", @metadata=nil>}
Completed 200 OK in 8402ms (Views: 0.2ms | ActiveRecord: 0.0ms | Allocations: 49091)


Started GET "/rolldice" for 127.0.0.1 at 2024-11-12 09:01:34 -0800
Processing by DiceController#roll as HTML
traceid 4a20ea8855a26725508d345b8e5df76d
Baggage get my carry on bag
Raw entries {"carry_on"=>#<OpenTelemetry::Baggage::Entry:0x0000000143933390 @value="my carry on bag", @metadata=nil>}
Other raw entries {"carry_on"=>#<OpenTelemetry::Baggage::Entry:0x0000000143933390 @value="my carry on bag", @metadata=nil>}
Completed 200 OK in 26556ms (Views: 0.7ms | ActiveRecord: 0.0ms | Allocations: 32666)


Started GET "/rolldice" for 127.0.0.1 at 2024-11-12 09:02:49 -0800
Processing by DiceController#roll as HTML
traceid f1d1557feb5df703978b6c16697caa6c
Completed 200 OK in 8593ms (Views: 0.6ms | ActiveRecord: 0.0ms | Allocations: 30751)


Started GET "/rolldice" for 127.0.0.1 at 2024-11-12 09:06:53 -0800
Processing by DiceController#roll as HTML
traceid 1604ec1264a10b9c40e473dd7a2d4841
Completed 200 OK in 32ms (Views: 0.3ms | ActiveRecord: 0.0ms | Allocations: 2956)


Started GET "/rolldice" for 127.0.0.1 at 2024-11-12 09:07:02 -0800
Processing by DiceController#roll as HTML
traceid 22273dabc70d60a2dae612c8d26ee880
Completed 200 OK in 15ms (Views: 0.3ms | ActiveRecord: 0.0ms | Allocations: 2855)


Started GET "/rolldice" for 127.0.0.1 at 2024-11-12 09:10:21 -0800
Processing by DiceController#roll as HTML
traceid c797532da51b4c73770b0d1cab933fc4
Started GET "/rolldice" for 127.0.0.1 at 2024-11-12 09:11:54 -0800
Started GET "/rolldice" for 127.0.0.1 at 2024-11-12 09:11:54 -0800
Started GET "/rolldice" for 127.0.0.1 at 2024-11-12 09:11:54 -0800
Completed 500 Internal Server Error in 92617ms (ActiveRecord: 0.0ms | Allocations: 23870)


Started GET "/rolldice" for 127.0.0.1 at 2024-11-12 09:11:54 -0800
  
Errno::ECONNRESET (Connection reset by peer):
  
app/controllers/dice_controller.rb:44:in `roll'
Processing by DiceController#roll as HTML
traceid d119a1034953958f04b68e3319e76b69
Completed 200 OK in 2364ms (Views: 0.9ms | ActiveRecord: 0.0ms | Allocations: 181059)


Processing by DiceController#roll as HTML
Processing by DiceController#roll as HTML
traceid 0f5c0500d15d29f6899772dec3487d09
traceid d2d577ed39217d9721a63e2a82cabf25
Processing by DiceController#roll as HTML
traceid 5c69a43473ec8902645bea9ba024513a
Completed 200 OK in 168ms (Views: 0.2ms | ActiveRecord: 0.0ms | Allocations: 6101)


Completed 200 OK in 190ms (Views: 0.4ms | ActiveRecord: 0.0ms | Allocations: 7635)


Completed 200 OK in 366ms (Views: 0.7ms | ActiveRecord: 0.0ms | Allocations: 11151)


Started GET "/rolldice" for 127.0.0.1 at 2024-11-12 09:12:12 -0800
Processing by DiceController#roll as HTML
traceid abbe8d2cf1e033b884a322ef9a6d4f4c
Completed 200 OK in 7688ms (Views: 0.2ms | ActiveRecord: 0.0ms | Allocations: 22133)


Started GET "/rolldice" for 127.0.0.1 at 2024-11-12 09:12:55 -0800
Processing by DiceController#roll as HTML
traceid 1736386ac8656261c6f0a036e40b62d9
Completed 200 OK in 8403ms (Views: 0.1ms | ActiveRecord: 0.0ms | Allocations: 18493)


Started GET "/rolldice" for 127.0.0.1 at 2024-11-12 09:13:34 -0800
Processing by DiceController#roll as HTML
traceid 6bc5a4e0995e79fa727620185ece733c
Completed 200 OK in 11366ms (Views: 0.1ms | ActiveRecord: 0.0ms | Allocations: 23742)


Started GET "/rolldice" for 127.0.0.1 at 2024-11-12 09:59:52 -0800
Processing by DiceController#roll as HTML
traceid 4640651a92b6d90fd471905a1c625730
Completed 200 OK in 38ms (Views: 0.6ms | ActiveRecord: 0.0ms | Allocations: 2930)


Started GET "/favicon.ico" for 127.0.0.1 at 2024-11-12 09:59:52 -0800
  
ActionController::RoutingError (No route matches [GET] "/favicon.ico"):
  
Started GET "/rolldice" for 127.0.0.1 at 2024-11-12 10:00:00 -0800
Processing by DiceController#roll as HTML
traceid 212d3723e46f71b3b0259aaa861a07e3
Completed 200 OK in 6514ms (Views: 0.1ms | ActiveRecord: 0.0ms | Allocations: 17950)


Started GET "/rolldice" for 127.0.0.1 at 2024-11-12 10:30:00 -0800
Processing by DiceController#roll as HTML
traceid d13a49ddc7d6f225046676f093698a26
Completed 500 Internal Server Error in 1406918ms (ActiveRecord: 0.0ms | Allocations: 72940)


  
Errno::ECONNRESET (Connection reset by peer):
  
app/controllers/dice_controller.rb:46:in `roll'
Started GET "/rolldice" for 127.0.0.1 at 2024-11-12 11:02:39 -0800
Processing by DiceController#roll as HTML
traceid 6d8c58d416672c89c8d0cea4a80b9b79
Completed 200 OK in 2600ms (Views: 0.6ms | ActiveRecord: 0.0ms | Allocations: 8122)


